Script started on 2020-06-28 22:49:24+09:00 [TERM="xterm-256color" TTY="/dev/pts/0" COLUMNS="88" LINES="32"]
]0;tazawa@LAPTOP-VP7PN0JG: ~/kadai/B[01;32mtazawa@LAPTOP-VP7PN0JG[00m:[01;34m~/kadai/B[00m$ ./complex
ä¸€ã¤ç›®ã®è¤‡ç´ æ•°
å®Ÿéƒ¨ :1
è™šéƒ¨ :2
äºŒã¤ç›®ã®è¤‡ç´ æ•°
å®Ÿéƒ¨ :3
è™šéƒ¨ :4
1.000000+2.000000i + 3.000000+4.000000i = 4.000000 + 6.000000i
1.000000+2.000000i - 3.000000+4.000000i = -2.000000 + -2.000000i
1.000000+2.000000i * 3.000000+4.000000i = -5.000000 + 10.000000i
1.000000+2.000000i / 3.000000+4.000000i = 0.440000 + 0.440000i
]0;tazawa@LAPTOP-VP7PN0JG: ~/kadai/B[01;32mtazawa@LAPTOP-VP7PN0JG[00m:[01;34m~/kadai/B[00m$ ./complex
ä¸€ã¤ç›®ã®è¤‡ç´ æ•°
å®Ÿéƒ¨ :10
è™šéƒ¨ :20
äºŒã¤ç›®ã®è¤‡ç´ æ•°
å®Ÿéƒ¨ :30
è™šéƒ¨ :40
10.000000+20.000000i + 30.000000+40.000000i = 40.000000 + 60.000000i
10.000000+20.000000i - 30.000000+40.000000i = -20.000000 + -20.000000i
10.000000+20.000000i * 30.000000+40.000000i = -500.000000 + 1000.000000i
10.000000+20.000000i / 30.000000+40.000000i = 0.440000 + 0.260000i
]0;tazawa@LAPTOP-VP7PN0JG: ~/kadai/B[01;32mtazawa@LAPTOP-VP7PN0JG[00m:[01;34m~/kadai/B[00m$ ./complex
ä¸€ã¤ç›®ã®è¤‡ç´ æ•°
å®Ÿéƒ¨ :3
è™šéƒ¨ :5
äºŒã¤ç›®ã®è¤‡ç´ æ•°
å®Ÿéƒ¨ :2
è™šéƒ¨ :3
3.000000+5.000000i + 2.000000+3.000000i = 5.000000 + 8.000000i
3.000000+5.000000i - 2.000000+3.000000i = 1.000000 + 2.000000i
3.000000+5.000000i * 2.000000+3.000000i = -9.000000 + 19.000000i
3.000000+5.000000i / 2.000000+3.000000i = 1.615385 + 1.230769i
]0;tazawa@LAPTOP-VP7PN0JG: ~/kadai/B[01;32mtazawa@LAPTOP-VP7PN0JG[00m:[01;34m~/kadai/B[00m$ exit
exit

Script done on 2020-06-28 22:50:19+09:00 [COMMAND_EXIT_CODE="0"]
